2020-03-24 12:00:02,313 - AMEX,American Stock Exchange
2020-03-24 12:00:02,313 - NASDAQ,NASDAQ Stock Exchange
2020-03-24 12:00:02,313 - NYSE,New York Stock Exchange
2020-03-24 12:00:02,313 - TSX,Toronto Stock Exchange
2020-03-24 12:08:17,386 - AMEX,American Stock Exchange
2020-03-24 12:08:17,387 - NASDAQ,NASDAQ Stock Exchange
2020-03-24 12:08:17,387 - NYSE,New York Stock Exchange
2020-03-24 12:08:17,387 - TSX,Toronto Stock Exchange
2020-03-24 12:09:07,772 - AMEX,American Stock Exchange
2020-03-24 12:09:07,773 - NASDAQ,NASDAQ Stock Exchange
2020-03-24 12:09:07,773 - NYSE,New York Stock Exchange
2020-03-24 12:09:07,773 - TSX,Toronto Stock Exchange
2020-03-24 12:10:42,010 - AMEX,American Stock Exchange
2020-03-24 12:10:42,010 - NASDAQ,NASDAQ Stock Exchange
2020-03-24 12:10:42,011 - NYSE,New York Stock Exchange
2020-03-24 12:10:42,011 - TSX,Toronto Stock Exchange
2020-03-24 12:11:37,868 - AMEX,American Stock Exchange
2020-03-24 12:11:37,868 - NASDAQ,NASDAQ Stock Exchange
2020-03-24 12:11:37,868 - NYSE,New York Stock Exchange
2020-03-24 12:11:37,869 - TSX,Toronto Stock Exchange
2020-03-25 11:10:38,439 - AMEX,American Stock Exchange
2020-03-25 11:10:38,439 - NASDAQ,NASDAQ Stock Exchange
2020-03-25 11:10:38,439 - NYSE,New York Stock Exchange
2020-03-25 11:10:38,439 - TSX,Toronto Stock Exchange
2020-03-25 11:11:14,943 - AMEX,American Stock Exchange
2020-03-25 11:11:14,943 - NASDAQ,NASDAQ Stock Exchange
2020-03-25 11:11:14,944 - NYSE,New York Stock Exchange
2020-03-25 11:11:14,944 - TSX,Toronto Stock Exchange
2020-03-25 11:12:17,503 - AMEX,American Stock Exchange
2020-03-25 11:12:17,503 - NASDAQ,NASDAQ Stock Exchange
2020-03-25 11:12:17,503 - NYSE,New York Stock Exchange
2020-03-25 11:12:17,503 - TSX,Toronto Stock Exchange
2020-03-25 11:12:19.124193 - AAAU,Perth Mint Physical Gold ETF,AMEX,American Stock Exchange,Commodities Precious Metals,Exchange Traded Concepts,ETF,204680000.0
2020-03-25 11:12:27.636368 - AADR,Advisorshares Dorsey Wright ADR,AMEX,American Stock Exchange,None,None,None,109200000.0
2020-03-25 11:12:29.473959 - AAMC,Altisource Asset,AMEX,American Stock Exchange,Financial Services,Asset Management,Equity,17677000.0
2020-03-25 11:12:31.244009 - AAU,Almaden Minerals,AMEX,American Stock Exchange,Basic Materials,Gold,Equity,35477000.0
2020-03-25 11:12:33.147994 - ABEQ,Absolute Core Strategy ETF,AMEX,American Stock Exchange,Large Value,Absolute Investment Advisers,ETF,11430000.0
2020-03-25 11:12:38,983 - AMEX,American Stock Exchange
2020-03-25 11:12:38,983 - NASDAQ,NASDAQ Stock Exchange
2020-03-25 11:12:38,983 - NYSE,New York Stock Exchange
2020-03-25 11:12:38,983 - TSX,Toronto Stock Exchange
2020-03-25 11:18:06,291 - AMEX,American Stock Exchange
2020-03-25 11:18:06,291 - NASDAQ,NASDAQ Stock Exchange
2020-03-25 11:18:06,291 - NYSE,New York Stock Exchange
2020-03-25 11:18:06,291 - TSX,Toronto Stock Exchange
2020-03-25 11:19:10,271 - AMEX,American Stock Exchange
2020-03-25 11:19:10,271 - NASDAQ,NASDAQ Stock Exchange
2020-03-25 11:19:10,271 - NYSE,New York Stock Exchange
2020-03-25 11:19:10,271 - TSX,Toronto Stock Exchange
2020-03-25 11:22:36,637 - AMEX,American Stock Exchange
2020-03-25 11:22:36,637 - NASDAQ,NASDAQ Stock Exchange
2020-03-25 11:22:36,637 - NYSE,New York Stock Exchange
2020-03-25 11:22:36,637 - TSX,Toronto Stock Exchange
2020-03-25 11:23:16,777 - AMEX,American Stock Exchange
2020-03-25 11:23:16,777 - NASDAQ,NASDAQ Stock Exchange
2020-03-25 11:23:16,777 - NYSE,New York Stock Exchange
2020-03-25 11:23:16,777 - TSX,Toronto Stock Exchange
2020-03-25 11:23:32,864 - AMEX,American Stock Exchange
2020-03-25 11:23:32,864 - NASDAQ,NASDAQ Stock Exchange
2020-03-25 11:23:32,864 - NYSE,New York Stock Exchange
2020-03-25 11:23:32,864 - TSX,Toronto Stock Exchange
2020-03-25 11:25:01,964 - AMEX,American Stock Exchange
2020-03-25 11:25:01,964 - NASDAQ,NASDAQ Stock Exchange
2020-03-25 11:25:01,964 - NYSE,New York Stock Exchange
2020-03-25 11:25:01,964 - TSX,Toronto Stock Exchange
2020-03-25 11:29:24,079 - AMEX,American Stock Exchange
2020-03-25 11:29:24,079 - NASDAQ,NASDAQ Stock Exchange
2020-03-25 11:29:24,079 - NYSE,New York Stock Exchange
2020-03-25 11:29:24,079 - TSX,Toronto Stock Exchange
2020-03-25 11:40:01,421 - AMEX,American Stock Exchange
2020-03-25 11:40:01,422 - NASDAQ,NASDAQ Stock Exchange
2020-03-25 11:40:01,422 - NYSE,New York Stock Exchange
2020-03-25 11:40:01,422 - TSX,Toronto Stock Exchange
2020-03-25 11:42:22,705 - AMEX,American Stock Exchange
2020-03-25 11:42:22,705 - NASDAQ,NASDAQ Stock Exchange
2020-03-25 11:42:22,705 - NYSE,New York Stock Exchange
2020-03-25 11:42:22,705 - TSX,Toronto Stock Exchange
