2020-05-22 18:37:57,929 - Downloading Table: https://www.treasury.gov/resource-center/data-chart-center/interest-rates/pages/textview.aspx?data=yield
2020-05-22 18:37:58,455 - Number of tables found: 1
2020-05-22 18:37:58,456 - Number of items after filter: 0
2020-05-22 18:37:58,456 - Data not up to date.
2020-05-22 18:38:20,343 - Downloading Table: https://www.treasury.gov/resource-center/data-chart-center/interest-rates/pages/textview.aspx?data=yield
2020-05-22 18:38:20,609 - Number of tables found: 1
2020-05-22 18:38:20,610 - Number of items after filter: 0
2020-05-22 18:38:20,610 - Data not up to date.
2020-05-22 18:38:53,302 - Downloading Table: https://www.treasury.gov/resource-center/data-chart-center/interest-rates/pages/textview.aspx?data=yield
2020-05-22 18:38:53,645 - Number of tables found: 1
2020-05-22 18:38:53,659 - Number of items after filter: 0
2020-05-22 18:38:53,659 - Data not up to date.
2020-05-22 18:39:18,952 - Downloading Table: https://www.treasury.gov/resource-center/data-chart-center/interest-rates/pages/textview.aspx?data=yield
2020-05-22 18:39:19,216 - Number of tables found: 1
2020-05-22 18:39:19,234 - Number of items after filter: 1
2020-05-22 18:39:19,234 - name 'db_address' is not defined
2020-05-22 18:39:44,955 - Downloading Table: https://www.treasury.gov/resource-center/data-chart-center/interest-rates/pages/textview.aspx?data=yield
2020-05-22 18:39:45,282 - Number of tables found: 1
2020-05-22 18:39:45,302 - Number of items after filter: 1
2020-05-22 18:39:47,295 - [Errno 2] No such file or directory: '/home/zquantz/Documents/Quant/OscraP/rates/financial_data/2020-05-22.csv'
2020-05-22 18:40:50,037 - Downloading Table: https://www.treasury.gov/resource-center/data-chart-center/interest-rates/pages/textview.aspx?data=yield
2020-05-22 18:40:50,377 - Number of tables found: 1
2020-05-22 18:40:50,394 - Number of items after filter: 1
2020-05-22 18:40:52,347 - [Errno 2] No such file or directory: '/home/zquantz/Documents/Quant/OscraP/rates/rate_data/2020-05-22.csv'
2020-05-22 18:41:33,683 - Downloading Table: https://www.treasury.gov/resource-center/data-chart-center/interest-rates/pages/textview.aspx?data=yield
2020-05-22 18:41:34,035 - Number of tables found: 1
2020-05-22 18:41:34,054 - Number of items after filter: 1
2020-05-22 18:41:36,526 - Store,Upload,Success,0,,
2020-05-22 18:45:24,353 - Downloading Table: https://www.treasury.gov/resource-center/data-chart-center/interest-rates/pages/textview.aspx?data=yield
2020-05-22 18:45:24,718 - Number of tables found: 1
2020-05-22 18:45:24,735 - Number of items after filter: 1
2020-05-22 18:45:27,375 - Store,Upload,Success,0,,
2020-05-22 18:45:27,375 - name 'filenae' is not defined
2020-05-22 18:45:55,311 - Downloading Table: https://www.treasury.gov/resource-center/data-chart-center/interest-rates/pages/textview.aspx?data=yield
2020-05-22 18:45:55,633 - Number of tables found: 1
2020-05-22 18:45:55,652 - Number of items after filter: 1
2020-05-22 18:45:57,446 - [Errno 17] File exists: '/home/zquantz/Documents/Quant/OscraP/rates/rate_data/2020-05-22.tar.xz'
2020-05-22 18:46:06,016 - Downloading Table: https://www.treasury.gov/resource-center/data-chart-center/interest-rates/pages/textview.aspx?data=yield
2020-05-22 18:46:06,237 - Number of tables found: 1
2020-05-22 18:46:06,257 - Number of items after filter: 1
2020-05-22 18:46:08,628 - Store,Upload,Success,0,,
2020-05-22 18:46:08,628 - name 'filenae' is not defined
2020-05-22 18:46:23,761 - Downloading Table: https://www.treasury.gov/resource-center/data-chart-center/interest-rates/pages/textview.aspx?data=yield
2020-05-22 18:46:23,988 - Number of tables found: 1
2020-05-22 18:46:24,006 - Number of items after filter: 1
2020-05-22 18:46:26,371 - Store,Upload,Success,0,,
